{
  "0 debug pnpm:scope": {
    "selected": 1,
    "workspacePrefix": "/Users/nick/Documents/code/brail"
  },
  "1 error pnpm": {
    "code": "ELIFECYCLE",
    "errno": "ENOENT",
    "syscall": "spawn",
    "file": "sh",
    "pkgid": "@brail/core@0.0.1",
    "stage": "clean",
    "script": "rimraf dist",
    "pkgname": "@brail/core",
    "err": {
      "name": "pnpm",
      "message": "@brail/core@0.0.1 clean: `rimraf dist`\nspawn ENOENT",
      "code": "ELIFECYCLE",
      "stack": "pnpm: @brail/core@0.0.1 clean: `rimraf dist`\nspawn ENOENT\n    at ChildProcess.<anonymous> (/Users/nick/pnpm-global/5/node_modules/.pnpm/pnpm@6.25.1/node_modules/pnpm/dist/pnpm.cjs:91914:22)\n    at ChildProcess.emit (events.js:315:20)\n    at maybeClose (internal/child_process.js:1048:16)\n    at Process.ChildProcess._handle.onexit (internal/child_process.js:288:5)"
    }
  }
}